booking_app/app/build/intermediates/manifest_merge_blame_file/debug/manifest-merger-blame-debug-report.txt
1<?xml version="1.0" encoding="utf-8"?>
2<manifest xmlns:android="http://schemas.android.com/apk/res/android"
3    package="com.example.booking_app"
4    android:versionCode="1"
5    android:versionName="1.0" >
6
7    <uses-sdk
8        android:minSdkVersion="16"
8-->src\main\AndroidManifest.xml
9        android:targetSdkVersion="30" />
9-->src\main\AndroidManifest.xml
10
11    <uses-permission android:name="android.permission.INTERNET" />
11-->[com.google.android.gms:play-services-measurement-api:18.0.0] AndroidManifest.xml:22:5-67
11-->[com.google.android.gms:play-services-measurement-api:18.0.0] AndroidManifest.xml:22:22-64
12    <uses-permission android:name="android.permission.ACCESS_NETWORK_STATE" />
12-->[com.google.android.gms:play-services-measurement-api:18.0.0] AndroidManifest.xml:23:5-79
12-->[com.google.android.gms:play-services-measurement-api:18.0.0] AndroidManifest.xml:23:22-76
13    <uses-permission android:name="android.permission.WAKE_LOCK" />
13-->[com.google.android.gms:play-services-measurement-api:18.0.0] AndroidManifest.xml:24:5-68
13-->[com.google.android.gms:play-services-measurement-api:18.0.0] AndroidManifest.xml:24:22-65
14    <uses-permission android:name="com.google.android.finsky.permission.BIND_GET_INSTALL_REFERRER_SERVICE" />
14-->[com.google.android.gms:play-services-measurement:18.0.0] AndroidManifest.xml:26:5-110
14-->[com.google.android.gms:play-services-measurement:18.0.0] AndroidManifest.xml:26:22-107
15
16    <application
16-->src\main\AndroidManifest.xml:5:5-25:19
17        android:allowBackup="true"
17-->src\main\AndroidManifest.xml:6:9-35
18        android:appComponentFactory="androidx.core.app.CoreComponentFactory"
18-->[androidx.core:core:1.3.1] AndroidManifest.xml:24:18-86
19        android:debuggable="true"
20        android:icon="@mipmap/ic_launcher"
20-->src\main\AndroidManifest.xml:7:9-43
21        android:label="@string/app_name"
21-->src\main\AndroidManifest.xml:8:9-41
22        android:roundIcon="@mipmap/ic_launcher_round"
22-->src\main\AndroidManifest.xml:9:9-54
23        android:supportsRtl="true"
23-->src\main\AndroidManifest.xml:10:9-35
24        android:testOnly="true"
25        android:theme="@style/AppTheme" >
25-->src\main\AndroidManifest.xml:11:9-40
26        <activity android:name="com.example.booking_app.AdminEventDetails" />
26-->src\main\AndroidManifest.xml:12:9-64
26-->src\main\AndroidManifest.xml:12:19-52
27        <activity android:name="com.example.booking_app.AdminMain" />
27-->src\main\AndroidManifest.xml:13:9-47
27-->src\main\AndroidManifest.xml:13:19-44
28        <activity android:name="com.example.booking_app.FormActivity" />
28-->src\main\AndroidManifest.xml:14:9-50
28-->src\main\AndroidManifest.xml:14:19-47
29        <activity android:name="com.example.booking_app.BookingTypeActivity" />
29-->src\main\AndroidManifest.xml:15:9-57
29-->src\main\AndroidManifest.xml:15:19-54
30        <activity android:name="com.example.booking_app.CategoryActivity" />
30-->src\main\AndroidManifest.xml:16:9-54
30-->src\main\AndroidManifest.xml:16:19-51
31        <activity android:name="com.example.booking_app.SignUp" />
31-->src\main\AndroidManifest.xml:17:9-44
31-->src\main\AndroidManifest.xml:17:19-41
32        <activity android:name="com.example.booking_app.MainActivity" >
32-->src\main\AndroidManifest.xml:18:9-24:20
32-->src\main\AndroidManifest.xml:18:19-47
33            <intent-filter>
33-->src\main\AndroidManifest.xml:19:13-23:29
34                <action android:name="android.intent.action.MAIN" />
34-->src\main\AndroidManifest.xml:20:17-69
34-->src\main\AndroidManifest.xml:20:25-66
35
36                <category android:name="android.intent.category.LAUNCHER" />
36-->src\main\AndroidManifest.xml:22:17-77
36-->src\main\AndroidManifest.xml:22:27-74
37            </intent-filter>
38        </activity>
39
40        <service
40-->[com.google.android.gms:play-services-measurement-api:18.0.0] AndroidManifest.xml:27:9-33:19
41            android:name="com.google.firebase.components.ComponentDiscoveryService"
41-->[com.google.android.gms:play-services-measurement-api:18.0.0] AndroidManifest.xml:28:13-84
42            android:directBootAware="true"
42-->[com.google.firebase:firebase-common:19.4.0] AndroidManifest.xml:35:13-43
43            android:exported="false" >
43-->[com.google.android.gms:play-services-measurement-api:18.0.0] AndroidManifest.xml:29:13-37
44            <meta-data
44-->[com.google.android.gms:play-services-measurement-api:18.0.0] AndroidManifest.xml:30:13-32:85
45                android:name="com.google.firebase.components:com.google.firebase.analytics.connector.internal.AnalyticsConnectorRegistrar"
45-->[com.google.android.gms:play-services-measurement-api:18.0.0] AndroidManifest.xml:31:17-139
46                android:value="com.google.firebase.components.ComponentRegistrar" />
46-->[com.google.android.gms:play-services-measurement-api:18.0.0] AndroidManifest.xml:32:17-82
47            <meta-data
47-->[com.google.firebase:firebase-installations:16.3.4] AndroidManifest.xml:18:13-20:85
48                android:name="com.google.firebase.components:com.google.firebase.installations.FirebaseInstallationsRegistrar"
48-->[com.google.firebase:firebase-installations:16.3.4] AndroidManifest.xml:19:17-127
49                android:value="com.google.firebase.components.ComponentRegistrar" />
49-->[com.google.firebase:firebase-installations:16.3.4] AndroidManifest.xml:20:17-82
50        </service>
51
52        <provider
52-->[com.google.firebase:firebase-common:19.4.0] AndroidManifest.xml:26:9-31:39
53            android:name="com.google.firebase.provider.FirebaseInitProvider"
53-->[com.google.firebase:firebase-common:19.4.0] AndroidManifest.xml:27:13-77
54            android:authorities="com.example.booking_app.firebaseinitprovider"
54-->[com.google.firebase:firebase-common:19.4.0] AndroidManifest.xml:28:13-72
55            android:directBootAware="true"
55-->[com.google.firebase:firebase-common:19.4.0] AndroidManifest.xml:29:13-43
56            android:exported="false"
56-->[com.google.firebase:firebase-common:19.4.0] AndroidManifest.xml:30:13-37
57            android:initOrder="100" />
57-->[com.google.firebase:firebase-common:19.4.0] AndroidManifest.xml:31:13-36
58
59        <receiver
59-->[com.google.android.gms:play-services-measurement:18.0.0] AndroidManifest.xml:29:9-33:20
60            android:name="com.google.android.gms.measurement.AppMeasurementReceiver"
60-->[com.google.android.gms:play-services-measurement:18.0.0] AndroidManifest.xml:30:13-85
61            android:enabled="true"
61-->[com.google.android.gms:play-services-measurement:18.0.0] AndroidManifest.xml:31:13-35
62            android:exported="false" >
62-->[com.google.android.gms:play-services-measurement:18.0.0] AndroidManifest.xml:32:13-37
63        </receiver>
64
65        <service
65-->[com.google.android.gms:play-services-measurement:18.0.0] AndroidManifest.xml:35:9-38:40
66            android:name="com.google.android.gms.measurement.AppMeasurementService"
66-->[com.google.android.gms:play-services-measurement:18.0.0] AndroidManifest.xml:36:13-84
67            android:enabled="true"
67-->[com.google.android.gms:play-services-measurement:18.0.0] AndroidManifest.xml:37:13-35
68            android:exported="false" />
68-->[com.google.android.gms:play-services-measurement:18.0.0] AndroidManifest.xml:38:13-37
69        <service
69-->[com.google.android.gms:play-services-measurement:18.0.0] AndroidManifest.xml:39:9-43:72
70            android:name="com.google.android.gms.measurement.AppMeasurementJobService"
70-->[com.google.android.gms:play-services-measurement:18.0.0] AndroidManifest.xml:40:13-87
71            android:enabled="true"
71-->[com.google.android.gms:play-services-measurement:18.0.0] AndroidManifest.xml:41:13-35
72            android:exported="false"
72-->[com.google.android.gms:play-services-measurement:18.0.0] AndroidManifest.xml:42:13-37
73            android:permission="android.permission.BIND_JOB_SERVICE" />
73-->[com.google.android.gms:play-services-measurement:18.0.0] AndroidManifest.xml:43:13-69
74
75        <meta-data
75-->[com.google.android.gms:play-services-basement:17.0.0] AndroidManifest.xml:23:9-25:69
76            android:name="com.google.android.gms.version"
76-->[com.google.android.gms:play-services-basement:17.0.0] AndroidManifest.xml:24:13-58
77            android:value="@integer/google_play_services_version" />
77-->[com.google.android.gms:play-services-basement:17.0.0] AndroidManifest.xml:25:13-66
78    </application>
79
80</manifest>